This is pdfTeX, Version 3.14159265-2.6-1.40.19 (MiKTeX 2.9.6930 64-bit) (preloaded format=pdflatex 2019.3.22)  30 APR 2019 17:03
entering extended mode
**./InformeTrabajoUI.tex
(InformeTrabajoUI.tex
LaTeX2e <2018-12-01>
("C:\Users\Juan\AppData\Local\Programs\MiKTeX 2.9\tex/latex/base\article.cls"
Document Class: article 2018/09/03 v1.4i Standard LaTeX document class
("C:\Users\Juan\AppData\Local\Programs\MiKTeX 2.9\tex/latex/base\size12.clo"
File: size12.clo 2018/09/03 v1.4i Standard LaTeX file (size option)
)
\c@part=\count80
\c@section=\count81
\c@subsection=\count82
\c@subsubsection=\count83
\c@paragraph=\count84
\c@subparagraph=\count85
\c@figure=\count86
\c@table=\count87
\abovecaptionskip=\skip41
\belowcaptionskip=\skip42
\bibindent=\dimen102
)
("C:\Users\Juan\AppData\Local\Programs\MiKTeX 2.9\tex/latex/base\inputenc.sty"
Package: inputenc 2018/08/11 v1.3c Input encoding file
\inpenc@prehook=\toks14
\inpenc@posthook=\toks15
) ("C:\Users\Juan\AppData\Local\Programs\MiKTeX 2.9\tex/generic/babel\babel.sty
"
Package: babel 2018/11/13 3.27 The Babel package
("C:\Users\Juan\AppData\Local\Programs\MiKTeX 2.9\tex/generic/babel\switch.def"
File: switch.def 2018/11/13 3.27 Babel switching mechanism
)
*************************************
* Local config file bblopts.cfg used
*
("C:\Users\Juan\AppData\Local\Programs\MiKTeX 2.9\tex/latex/arabi\bblopts.cfg"
File: bblopts.cfg 2005/09/08 v0.1 add Arabic and Farsi to "declared" options of
 babel
)
("C:\Users\Juan\AppData\Local\Programs\MiKTeX 2.9\tex/latex/babel-spanish\spani
sh.ldf"
Language: spanish.ldf 2016/03/03 v5.0p Spanish support from the babel system

("C:\Users\Juan\AppData\Local\Programs\MiKTeX 2.9\tex/generic/babel\babel.def"
File: babel.def 2018/11/13 3.27 Babel common definitions
\babel@savecnt=\count88
\U@D=\dimen103

("C:\Users\Juan\AppData\Local\Programs\MiKTeX 2.9\tex/generic/babel\txtbabel.de
f")
\bbl@dirlevel=\count89
)
\es@quottoks=\toks16
\es@quotdepth=\count90
Package babel Info: Making " an active character on input line 561.
Package babel Info: Making . an active character on input line 662.
Package babel Info: Making < an active character on input line 707.
Package babel Info: Making > an active character on input line 707.
))
("C:\Users\Juan\AppData\Local\Programs\MiKTeX 2.9\tex/latex/graphics\graphicx.s
ty"
Package: graphicx 2017/06/01 v1.1a Enhanced LaTeX Graphics (DPC,SPQR)

("C:\Users\Juan\AppData\Local\Programs\MiKTeX 2.9\tex/latex/graphics\keyval.sty
"
Package: keyval 2014/10/28 v1.15 key=value parser (DPC)
\KV@toks@=\toks17
)
("C:\Users\Juan\AppData\Local\Programs\MiKTeX 2.9\tex/latex/graphics\graphics.s
ty"
Package: graphics 2017/06/25 v1.2c Standard LaTeX Graphics (DPC,SPQR)

("C:\Users\Juan\AppData\Local\Programs\MiKTeX 2.9\tex/latex/graphics\trig.sty"
Package: trig 2016/01/03 v1.10 sin cos tan (DPC)
)
("C:\Users\Juan\AppData\Local\Programs\MiKTeX 2.9\tex/latex/graphics-cfg\graphi
cs.cfg"
File: graphics.cfg 2016/06/04 v1.11 sample graphics configuration
)
Package graphics Info: Driver file: pdftex.def on input line 99.

("C:\Users\Juan\AppData\Local\Programs\MiKTeX 2.9\tex/latex/graphics-def\pdftex
.def"
File: pdftex.def 2018/01/08 v1.0l Graphics/color driver for pdftex
))
\Gin@req@height=\dimen104
\Gin@req@width=\dimen105
)
("C:\Users\Juan\AppData\Local\Programs\MiKTeX 2.9\tex/latex/geometry\geometry.s
ty"
Package: geometry 2018/04/16 v5.8 Page Geometry

("C:\Users\Juan\AppData\Local\Programs\MiKTeX 2.9\tex/generic/oberdiek\ifpdf.st
y"
Package: ifpdf 2018/09/07 v3.3 Provides the ifpdf switch
)
("C:\Users\Juan\AppData\Local\Programs\MiKTeX 2.9\tex/generic/oberdiek\ifvtex.s
ty"
Package: ifvtex 2016/05/16 v1.6 Detect VTeX and its facilities (HO)
Package ifvtex Info: VTeX not detected.
)
("C:\Users\Juan\AppData\Local\Programs\MiKTeX 2.9\tex/generic/ifxetex\ifxetex.s
ty"
Package: ifxetex 2010/09/12 v0.6 Provides ifxetex conditional
)
\Gm@cnth=\count91
\Gm@cntv=\count92
\c@Gm@tempcnt=\count93
\Gm@bindingoffset=\dimen106
\Gm@wd@mp=\dimen107
\Gm@odd@mp=\dimen108
\Gm@even@mp=\dimen109
\Gm@layoutwidth=\dimen110
\Gm@layoutheight=\dimen111
\Gm@layouthoffset=\dimen112
\Gm@layoutvoffset=\dimen113
\Gm@dimlist=\toks18

("C:\Users\Juan\AppData\Local\Programs\MiKTeX 2.9\tex/latex/geometry\geometry.c
fg"))
("C:\Users\Juan\AppData\Local\Programs\MiKTeX 2.9\tex/latex/float\float.sty"
Package: float 2001/11/08 v1.3d Float enhancements (AL)
\c@float@type=\count94
\float@exts=\toks19
\float@box=\box27
\@float@everytoks=\toks20
\@floatcapt=\box28
)
("C:\Users\Juan\AppData\Local\Programs\MiKTeX 2.9\tex/latex/amsmath\amsmath.sty
"
Package: amsmath 2018/12/01 v2.17b AMS math features
\@mathmargin=\skip43

For additional information on amsmath, use the `?' option.
("C:\Users\Juan\AppData\Local\Programs\MiKTeX 2.9\tex/latex/amsmath\amstext.sty
"
Package: amstext 2000/06/29 v2.01 AMS text
 ("C:\Users\Juan\AppData\Local\Programs\MiKTeX 2.9\tex/latex/amsmath\amsgen.sty
"
File: amsgen.sty 1999/11/30 v2.0 generic functions
\@emptytoks=\toks21
\ex@=\dimen114
))
("C:\Users\Juan\AppData\Local\Programs\MiKTeX 2.9\tex/latex/amsmath\amsbsy.sty"
Package: amsbsy 1999/11/29 v1.2d Bold Symbols
\pmbraise@=\dimen115
) ("C:\Users\Juan\AppData\Local\Programs\MiKTeX 2.9\tex/latex/amsmath\amsopn.st
y"
Package: amsopn 2016/03/08 v2.02 operator names
)
\inf@bad=\count95
LaTeX Info: Redefining \frac on input line 223.
\uproot@=\count96
\leftroot@=\count97
LaTeX Info: Redefining \overline on input line 385.
\classnum@=\count98
\DOTSCASE@=\count99
LaTeX Info: Redefining \ldots on input line 482.
LaTeX Info: Redefining \dots on input line 485.
LaTeX Info: Redefining \cdots on input line 606.
\Mathstrutbox@=\box29
\strutbox@=\box30
\big@size=\dimen116
LaTeX Font Info:    Redeclaring font encoding OML on input line 729.
LaTeX Font Info:    Redeclaring font encoding OMS on input line 730.
\macc@depth=\count100
\c@MaxMatrixCols=\count101
\dotsspace@=\muskip10
\c@parentequation=\count102
\dspbrk@lvl=\count103
\tag@help=\toks22
\row@=\count104
\column@=\count105
\maxfields@=\count106
\andhelp@=\toks23
\eqnshift@=\dimen117
\alignsep@=\dimen118
\tagshift@=\dimen119
\tagwidth@=\dimen120
\totwidth@=\dimen121
\lineht@=\dimen122
\@envbody=\toks24
\multlinegap=\skip44
\multlinetaggap=\skip45
\mathdisplay@stack=\toks25
LaTeX Info: Redefining \[ on input line 2844.
LaTeX Info: Redefining \] on input line 2845.
)
("C:\Users\Juan\AppData\Local\Programs\MiKTeX 2.9\tex/latex/oberdiek\stackrel.s
ty"
Package: stackrel 2016/05/16 v1.3 Adding subscript option to stackrel (HO)

("C:\Users\Juan\AppData\Local\Programs\MiKTeX 2.9\tex/generic/oberdiek\etexcmds
.sty"
Package: etexcmds 2016/05/16 v1.6 Avoid name clashes with e-TeX commands (HO)

("C:\Users\Juan\AppData\Local\Programs\MiKTeX 2.9\tex/generic/oberdiek\infwarer
r.sty"
Package: infwarerr 2016/05/16 v1.4 Providing info/warning/error messages (HO)
)
("C:\Users\Juan\AppData\Local\Programs\MiKTeX 2.9\tex/generic/oberdiek\ifluatex
.sty"
Package: ifluatex 2016/05/16 v1.4 Provides the ifluatex switch (HO)
Package ifluatex Info: LuaTeX not detected.
))
("C:\Users\Juan\AppData\Local\Programs\MiKTeX 2.9\tex/generic/oberdiek\pdftexcm
ds.sty"
Package: pdftexcmds 2018/09/10 v0.29 Utility functions of pdfTeX for LuaTeX (HO
)

("C:\Users\Juan\AppData\Local\Programs\MiKTeX 2.9\tex/generic/oberdiek\ltxcmds.
sty"
Package: ltxcmds 2016/05/16 v1.23 LaTeX kernel commands for general use (HO)
)
Package pdftexcmds Info: LuaTeX not detected.
Package pdftexcmds Info: \pdf@primitive is available.
Package pdftexcmds Info: \pdf@ifprimitive is available.
Package pdftexcmds Info: \pdfdraftmode found.
))
("C:\Users\Juan\AppData\Local\Programs\MiKTeX 2.9\tex/latex/multirow\multirow.s
ty"
Package: multirow 2019/01/01 v2.4 Span multiple rows of a table
\multirow@colwidth=\skip46
\multirow@cntb=\count107
\multirow@dima=\skip47
\bigstrutjot=\dimen123
)
("C:\Users\Juan\AppData\Local\Programs\MiKTeX 2.9\tex/latex/tools\enumerate.sty
"
Package: enumerate 2015/07/23 v3.00 enumerate extensions (DPC)
\@enLab=\toks26
) (InformeTrabajoUI.aux
LaTeX Info: Redefining \. on input line 6.
LaTeX Info: Redefining \% on input line 6.
 (Secciones/Actividad01.aux) (Secciones/Actividad02.aux) (Secciones/Actividad03
.aux) (Secciones/Actividad04.aux))
\openout1 = `InformeTrabajoUI.aux'.

LaTeX Font Info:    Checking defaults for OML/cmm/m/it on input line 18.
LaTeX Font Info:    ... okay on input line 18.
LaTeX Font Info:    Checking defaults for T1/cmr/m/n on input line 18.
LaTeX Font Info:    ... okay on input line 18.
LaTeX Font Info:    Checking defaults for OT1/cmr/m/n on input line 18.
LaTeX Font Info:    ... okay on input line 18.
LaTeX Font Info:    Checking defaults for OMS/cmsy/m/n on input line 18.
LaTeX Font Info:    ... okay on input line 18.
LaTeX Font Info:    Checking defaults for OMX/cmex/m/n on input line 18.
LaTeX Font Info:    ... okay on input line 18.
LaTeX Font Info:    Checking defaults for U/cmr/m/n on input line 18.
LaTeX Font Info:    ... okay on input line 18.
LaTeX Info: Redefining \. on input line 18.
LaTeX Info: Redefining \% on input line 18.

("C:\Users\Juan\AppData\Local\Programs\MiKTeX 2.9\tex/context/base/mkii\supp-pd
f.mkii"
[Loading MPS to PDF converter (version 2006.09.02).]
\scratchcounter=\count108
\scratchdimen=\dimen124
\scratchbox=\box31
\nofMPsegments=\count109
\nofMParguments=\count110
\everyMPshowfont=\toks27
\MPscratchCnt=\count111
\MPscratchDim=\dimen125
\MPnumerator=\count112
\makeMPintoPDFobject=\count113
\everyMPtoPDFconversion=\toks28
)
("C:\Users\Juan\AppData\Local\Programs\MiKTeX 2.9\tex/latex/oberdiek\epstopdf-b
ase.sty"
Package: epstopdf-base 2016/05/15 v2.6 Base part for package epstopdf

("C:\Users\Juan\AppData\Local\Programs\MiKTeX 2.9\tex/latex/oberdiek\grfext.sty
"
Package: grfext 2016/05/16 v1.2 Manage graphics extensions (HO)

("C:\Users\Juan\AppData\Local\Programs\MiKTeX 2.9\tex/generic/oberdiek\kvdefine
keys.sty"
Package: kvdefinekeys 2016/05/16 v1.4 Define keys (HO)
))
("C:\Users\Juan\AppData\Local\Programs\MiKTeX 2.9\tex/latex/oberdiek\kvoptions.
sty"
Package: kvoptions 2016/05/16 v3.12 Key value format for package options (HO)

("C:\Users\Juan\AppData\Local\Programs\MiKTeX 2.9\tex/generic/oberdiek\kvsetkey
s.sty"
Package: kvsetkeys 2016/05/16 v1.17 Key value parser (HO)
))
Package epstopdf-base Info: Redefining graphics rule for `.eps' on input line 4
38.
Package grfext Info: Graphics extension search list:
(grfext)             [.pdf,.png,.jpg,.mps,.jpeg,.jbig2,.jb2,.PDF,.PNG,.JPG,.JPE
G,.JBIG2,.JB2,.eps]
(grfext)             \AppendGraphicsExtensions on input line 456.
)
*geometry* driver: auto-detecting
*geometry* detected driver: pdftex
*geometry* verbose mode - [ preamble ] result:
* driver: pdftex
* paper: letterpaper
* layout: <same size as paper>
* layoutoffset:(h,v)=(0.0pt,0.0pt)
* modes: 
* h-part:(L,W,R)=(56.9055pt, 500.484pt, 56.9055pt)
* v-part:(T,H,B)=(56.9055pt, 681.15898pt, 56.9055pt)
* \paperwidth=614.295pt
* \paperheight=794.96999pt
* \textwidth=500.484pt
* \textheight=681.15898pt
* \oddsidemargin=-15.36449pt
* \evensidemargin=-15.36449pt
* \topmargin=-52.36449pt
* \headheight=12.0pt
* \headsep=25.0pt
* \topskip=12.0pt
* \footskip=30.0pt
* \marginparwidth=44.0pt
* \marginparsep=10.0pt
* \columnsep=10.0pt
* \skip\footins=10.8pt plus 4.0pt minus 2.0pt
* \hoffset=0.0pt
* \voffset=0.0pt
* \mag=1000
* \@twocolumnfalse
* \@twosidefalse
* \@mparswitchfalse
* \@reversemarginfalse
* (1in=72.27pt=25.4mm, 1cm=28.453pt)

<./Imagenes/logo.jpg, id=1, 276.03125pt x 183.68625pt>
File: ./Imagenes/logo.jpg Graphic file (type jpg)
<use ./Imagenes/logo.jpg>
Package pdftex.def Info: ./Imagenes/logo.jpg  used on input line 38.
(pdftex.def)             Requested size: 227.62204pt x 151.47853pt.
[1

{C:/Users/Juan/AppData/Local/MiKTeX/2.9/pdftex/config/pdftex.map} <./Imagenes/l
ogo.jpg>] (InformeTrabajoUI.toc
LaTeX Info: Redefining \. on input line 1.
LaTeX Info: Redefining \% on input line 1.
)
\tf@toc=\write3
\openout3 = `InformeTrabajoUI.toc'.

 [1]
\openout2 = `Secciones/Actividad01.aux'.

 (Secciones/Actividad01.tex) [1

]
\openout2 = `Secciones/Actividad02.aux'.


(Secciones/Actividad02.tex
<./Imagenes/imagen1.png, id=14, 362.35374pt x 333.245pt>
File: ./Imagenes/imagen1.png Graphic file (type png)
<use ./Imagenes/imagen1.png>
Package pdftex.def Info: ./Imagenes/imagen1.png  used on input line 17.
(pdftex.def)             Requested size: 284.52756pt x 261.67416pt.
 [2


 <./Imagenes/imagen1.png>]
Underfull \hbox (badness 10000) in paragraph at lines 24--29

 []


Underfull \hbox (badness 10000) in paragraph at lines 41--42

 []

<./Imagenes/imagen2.jpg, id=22, 108.405pt x 72.27pt>
File: ./Imagenes/imagen2.jpg Graphic file (type jpg)
<use ./Imagenes/imagen2.jpg>
Package pdftex.def Info: ./Imagenes/imagen2.jpg  used on input line 44.
(pdftex.def)             Requested size: 341.43306pt x 227.68362pt.
[3 <./Imagenes/imagen2.jpg>]
Underfull \hbox (badness 10000) in paragraph at lines 51--52

 []

<./Imagenes/imagen3.jpg, id=26, 823.075pt x 332.24126pt>
File: ./Imagenes/imagen3.jpg Graphic file (type jpg)
<use ./Imagenes/imagen3.jpg>
Package pdftex.def Info: ./Imagenes/imagen3.jpg  used on input line 64.
(pdftex.def)             Requested size: 341.43306pt x 137.82178pt.
[4 <./Imagenes/imagen3.jpg>]
Underfull \hbox (badness 10000) in paragraph at lines 71--75

 []


Underfull \hbox (badness 10000) in paragraph at lines 76--77

 []

[5]
Underfull \hbox (badness 10000) in paragraph at lines 104--105

 []


Underfull \hbox (badness 10000) in paragraph at lines 106--107

 []

) [6]
\openout2 = `Secciones/Actividad03.aux'.

 (Secciones/Actividad03.tex
<./Imagenes/img1.jpg, id=37, 389.65575pt x 387.849pt>
File: ./Imagenes/img1.jpg Graphic file (type jpg)
<use ./Imagenes/img1.jpg>
Package pdftex.def Info: ./Imagenes/img1.jpg  used on input line 11.
(pdftex.def)             Requested size: 284.52756pt x 283.22801pt.
<./Imagenes/img2.jpg, id=38, 388.45125pt x 392.06474pt>
File: ./Imagenes/img2.jpg Graphic file (type jpg)
<use ./Imagenes/img2.jpg>
Package pdftex.def Info: ./Imagenes/img2.jpg  used on input line 15.
(pdftex.def)             Requested size: 284.52756pt x 287.18001pt.
 [7


 <./Imagenes/img1.jpg>]
LaTeX Font Info:    Try loading font information for U+lasy on input line 17.

("C:\Users\Juan\AppData\Local\Programs\MiKTeX 2.9\tex/latex/base\ulasy.fd"
File: ulasy.fd 1998/08/17 v2.2e LaTeX symbol font definitions
)
<./Imagenes/img3.jpg, id=42, 390.258pt x 392.667pt>
File: ./Imagenes/img3.jpg Graphic file (type jpg)
<use ./Imagenes/img3.jpg>
Package pdftex.def Info: ./Imagenes/img3.jpg  used on input line 19.
(pdftex.def)             Requested size: 284.52756pt x 286.28503pt.
<./Imagenes/img4.jpg, id=43, 390.258pt x 388.45125pt>
File: ./Imagenes/img4.jpg Graphic file (type jpg)
<use ./Imagenes/img4.jpg>
Package pdftex.def Info: ./Imagenes/img4.jpg  used on input line 23.
(pdftex.def)             Requested size: 284.52756pt x 283.21141pt.

[8 <./Imagenes/img2.jpg> <./Imagenes/img3.jpg>]
<./Imagenes/img6.jpg, id=48, 922.647pt x 542.62724pt>
File: ./Imagenes/img6.jpg Graphic file (type jpg)
<use ./Imagenes/img6.jpg>
Package pdftex.def Info: ./Imagenes/img6.jpg  used on input line 27.
(pdftex.def)             Requested size: 284.52756pt x 167.33504pt.
<./Imagenes/img8.jpg, id=49, 921.4425pt x 537.207pt>
File: ./Imagenes/img8.jpg Graphic file (type jpg)
<use ./Imagenes/img8.jpg>
Package pdftex.def Info: ./Imagenes/img8.jpg  used on input line 38.
(pdftex.def)             Requested size: 341.43306pt x 199.05037pt.
 [9 <./Imagenes/img4.jpg> <./Imagenes/img6.jpg>]
<./Imagenes/img9.jpg, id=53, 922.647pt x 534.798pt>
File: ./Imagenes/img9.jpg Graphic file (type jpg)
<use ./Imagenes/img9.jpg>
Package pdftex.def Info: ./Imagenes/img9.jpg  used on input line 44.
(pdftex.def)             Requested size: 341.43306pt x 197.9048pt.
<./Imagenes/img10.jpg, id=54, 925.056pt x 539.01375pt>
File: ./Imagenes/img10.jpg Graphic file (type jpg)
<use ./Imagenes/img10.jpg>
Package pdftex.def Info: ./Imagenes/img10.jpg  used on input line 49.
(pdftex.def)             Requested size: 341.43306pt x 198.9467pt.
 [10 <./Imagenes/img8.jpg> <./Imagenes/img9.jpg>]
<./Imagenes/img11.jpg, id=58, 923.8515pt x 540.21825pt>
File: ./Imagenes/img11.jpg Graphic file (type jpg)
<use ./Imagenes/img11.jpg>
Package pdftex.def Info: ./Imagenes/img11.jpg  used on input line 62.
(pdftex.def)             Requested size: 341.43306pt x 199.6468pt.
<./Imagenes/img12.jpg, id=59, 1155.71774pt x 619.71526pt>
File: ./Imagenes/img12.jpg Graphic file (type jpg)
<use ./Imagenes/img12.jpg>
Package pdftex.def Info: ./Imagenes/img12.jpg  used on input line 71.
(pdftex.def)             Requested size: 341.43306pt x 183.07918pt.
 [11 <./Imagenes/img10.jpg> <./Imagenes/img11.jpg>]
<./Imagenes/img13.jpg, id=64, 1155.71774pt x 623.931pt>
File: ./Imagenes/img13.jpg Graphic file (type jpg)
<use ./Imagenes/img13.jpg>
Package pdftex.def Info: ./Imagenes/img13.jpg  used on input line 77.
(pdftex.def)             Requested size: 341.43306pt x 184.32462pt.
<./Imagenes/img14.jpg, id=65, 1155.71774pt x 623.931pt>
File: ./Imagenes/img14.jpg Graphic file (type jpg)
<use ./Imagenes/img14.jpg>
Package pdftex.def Info: ./Imagenes/img14.jpg  used on input line 82.
(pdftex.def)             Requested size: 341.43306pt x 184.32462pt.
) [12 <./Imagenes/img12.jpg> <./Imagenes/img13.jpg> <./Imagenes/img14.jpg>]
\openout2 = `Secciones/Actividad04.aux'.

 (Secciones/Actividad04.tex) [13


]
(InformeTrabajoUI.aux
LaTeX Info: Redefining \. on input line 6.
LaTeX Info: Redefining \% on input line 6.
 (Secciones/Actividad01.aux) (Secciones/Actividad02.aux)
(Secciones/Actividad03.aux) (Secciones/Actividad04.aux)) ) 
Here is how much of TeX's memory you used:
 3749 strings out of 492946
 54385 string characters out of 3126710
 136319 words of memory out of 3000000
 7535 multiletter control sequences out of 15000+200000
 8674 words of font info for 32 fonts, out of 3000000 for 9000
 1141 hyphenation exceptions out of 8191
 34i,5n,31p,586b,359s stack positions out of 5000i,500n,10000p,200000b,50000s
<C:/Users/Juan/AppDat
a/Local/Programs/MiKTeX 2.9/fonts/type1/public/amsfonts/cm/cmbx12.pfb><C:/Users
/Juan/AppData/Local/Programs/MiKTeX 2.9/fonts/type1/public/amsfonts/cm/cmr12.pf
b><C:/Users/Juan/AppData/Local/Programs/MiKTeX 2.9/fonts/type1/public/amsfonts/
cm/cmr17.pfb><C:/Users/Juan/AppData/Local/Programs/MiKTeX 2.9/fonts/type1/publi
c/amsfonts/cm/cmsy10.pfb><C:/Users/Juan/AppData/Local/Programs/MiKTeX 2.9/fonts
/type1/public/amsfonts/latxfont/lasy10.pfb>
Output written on InformeTrabajoUI.pdf (15 pages, 1520388 bytes).
PDF statistics:
 89 PDF objects out of 1000 (max. 8388607)
 0 named destinations out of 1000 (max. 500000)
 81 words of extra memory for PDF output out of 10000 (max. 10000000)

